==============================================================================
TC FinalCopy                                                                  
==============================================================================
tc1-Verify_Search_by_location,_name_is_working_as_expected            GoingOnAgentFinder
SearchingByRegionName&AgentName
SearchingByZIP
SearchingByLN
SearchingByState
SearchingByFN
tc1 ran till end
| PASS |
------------------------------------------------------------------------------
tc2-Verify_advance_search_on_agent_finder_is_working_as_expected      SearchingByAdvOption
2
3
4
5
tc2 ran till end
| PASS |
------------------------------------------------------------------------------
tc3-Verify_adding/registering_an_agent_and_if_it_is_searchable_on_... 

======================================= 

first_name: Crystal 

last_name: Hall 

address: 248 John Cliff Apt. 474
Sharonhaven, AR 00524 

country: Kyrgyz Republic 

email: hunter93@gallagher-martinez.info 

phone_number: 001-071-911-2343x917 

=======================================
| FAIL |
Element with locator 'xpath://a[@id='register-tab']' not found.
------------------------------------------------------------------------------
tc6Modified-To_verify_pagination_on_agent_finder                      GoingOnAgentFinder
SearchingByZIP
tc6 ran till end
| PASS |
------------------------------------------------------------------------------
tc8-Verify_lead's_profile                                             GoingOnAgentFinder
SearchingByZIP
tc8 ran till end
| PASS |
------------------------------------------------------------------------------
tc9-Verify_editing_an_agent_profile_and_validating_changes_reflect... 
value: 10062541ScreenName/
https://www.qa.zillow.net/profile/10062541ScreenName/
10062541@tes.zillow.local
| FAIL |
Element with locator 'css:div[class='submit-div zsg-lg-1-1']' not found.
------------------------------------------------------------------------------
tc14-To_verify_review_flow                                            

======================================= 

first_name: Renee 

last_name: Gutierrez 

address: 36605 Shelton Islands
Villaville, AR 71841 

country: British Indian Ocean Territory (Chagos Archipelago) 

email: denise51@hotmail.com 

phone_number: 001-223-585-7923x865 

=======================================
| FAIL |
Element with locator 'xpath://a[@id='register-tab']' not found.
------------------------------------------------------------------------------
TC FinalCopy                                                          | FAIL |
7 critical tests, 4 passed, 3 failed
7 tests total, 4 passed, 3 failed
==============================================================================
Output:  C:\Users\Shriraj.Joshi\PycharmProjects\Automationyt\ResultsStoredHere\pabot_results\0\output.xml
